#
# A fatal error has been detected by the Java Runtime Environment:
#
#  EXCEPTION_ACCESS_VIOLATION (0xc0000005) at pc=0x00007ffa10855d18, pid=19244, tid=22160
#
# JRE version: Java(TM) SE Runtime Environment (17.0.10+11) (build 17.0.10+11-LTS-240)
# Java VM: Java HotSpot(TM) 64-Bit Server VM (17.0.10+11-LTS-240, mixed mode, emulated-client, sharing, tiered, compressed oops, compressed class ptrs, g1 gc, windows-amd64)
# Problematic frame:
# V  [jvm.dll+0x145d18]
#
# No core dump will be written. Minidumps are not enabled by default on client versions of Windows
#
# If you would like to submit a bug report, please visit:
#   https://bugreport.java.com/bugreport/crash.jsp
#

---------------  S U M M A R Y ------------

Command Line: -agentlib:jdwp=transport=dt_socket,address=127.0.0.1:54434,suspend=y,server=n -XX:TieredStopAtLevel=1 -Dspring.output.ansi.enabled=always -Dcom.sun.management.jmxremote -Dspring.jmx.enabled=true -Dspring.liveBeansView.mbeanDomain -Dspring.application.admin.enabled=true -Dmanagement.endpoints.jmx.exposure.include=* -javaagent:C:\Users\JCX\AppData\Local\JetBrains\IntelliJIdea2023.3\captureAgent\debugger-agent.jar=file:/C:/Users/JCX/AppData/Local/Temp/capture.props -Dfile.encoding=UTF-8 com.jcx.military.project.DemoApplication

Host: Intel(R) Core(TM) i7-9700KF CPU @ 3.60GHz, 8 cores, 15G,  Windows 10 , 64 bit Build 19041 (10.0.19041.928)
Time: Thu Mar 21 22:21:56 2024  Windows 10 , 64 bit Build 19041 (10.0.19041.928) elapsed time: 524.050425 seconds (0d 0h 8m 44s)

---------------  T H R E A D  ---------------

Current thread (0x000001f9a50c01f0):  JavaThread "C1 CompilerThread0" daemon [_thread_in_native, id=22160, stack(0x0000007935000000,0x0000007935100000)]


Current CompileTask:
C1: 524050 5158       1       java.lang.ThreadLocal$ThreadLocalMap::remove (68 bytes)

Stack: [0x0000007935000000,0x0000007935100000],  sp=0x00000079350fec90,  free space=1019k
Native frames: (J=compiled Java code, j=interpreted, Vv=VM code, C=native code)
V  [jvm.dll+0x145d18]
V  [jvm.dll+0x13f941]
V  [jvm.dll+0x13eb05]
V  [jvm.dll+0x138bc8]
V  [jvm.dll+0x1481a6]
V  [jvm.dll+0x134360]
V  [jvm.dll+0x1346c0]
V  [jvm.dll+0x134988]
V