#
# There is insufficient memory for the Java Runtime Environment to continue.
# Native memory allocation (mmap) failed to map 65536 bytes for Failed to commit metaspace.
# Possible reasons:
#   The system is out of physical RAM or swap space
#   The process is running with CompressedOops enabled, and the Java Heap may be blocking the growth of the native heap
# Possible solutions:
#   Reduce memory load on the system
#   Increase physical memory or swap space
#   Check if swap backing store is full
#   Decrease Java heap size (-Xmx/-Xms)
#   Decrease number of Java threads
#   Decrease Java thread stack sizes (-Xss)
#   Set larger code cache with -XX:ReservedCodeCacheSize=
#   JVM is running with Zero Based Compressed Oops mode in which the Java heap is
#     placed in the first 32GB address space. The Java Heap base address is the
#     maximum limit for the native heap growth. Please use -XX:HeapBaseMinAddress
#     to set the Java Heap base and to place the Java Heap above 32GB virtual address.
# This output file may be truncated or incomplete.
#
#  Out of Memory Error (virtualSpaceNode.cpp:110), pid=5936, tid=20088
#
# JRE version: Java(TM) SE Runtime Environment (17.0.10+11) (build 17.0.10+11-LTS-240)
# Java VM: Java HotSpot(TM) 64-Bit Server VM (17.0.10+11-LTS-240, mixed mode, emulated-client, sharing, tiered, compressed oops, compressed class ptrs, g1 gc, windows-amd64)
# No core dump will be written. Minidumps are not enabled by default on client versions of Windows
#

---------------  S U M M A R Y ------------

Command Line: -XX:TieredStopAtLevel=1 -Dspring.output.ansi.enabled=always -Dcom.sun.management.jmxremote -Dspring.jmx.enabled=true -Dspring.liveBeansView.mbeanDomain -Dspring.application.admin.enabled=true -Dmanagement.endpoints.jmx.exposure.include=* -javaagent:D:\idea2023\IntelliJ IDEA 2023.3.4\lib\idea_rt.jar=63869:D:\idea2023\IntelliJ IDEA 2023.3.4\bin -Dfile.encoding=UTF-8 com.jcx.military.project.DemoApplication

Host: Intel(R) Core(TM) i7-9700KF CPU @ 3.60GHz, 8 cores, 15G,  Windows 10 , 64 bit Build 19041 (10.0.19041.928)
Time: Sun Mar 24 00:21:28 2024  Windows 10 , 64 bit Build 19041 (10.0.19041.928) elapsed time: 1.083690 seconds (0d 0h 0m 1s)

---------------  T H R E A D  ---------------

Current thread (0x0000022c9c3137d0):  JavaThread "background-preinit" [_thread_in_vm, id=20088, stack(0x000000af5a800000,0x000000af5a900000)]

Stack: [0x000000af5a800000,0x000000af5a900000]
Native frames: (J=compiled Java code, j=interpreted, Vv=VM code, C=native code)
V  [jvm.dll+0x677a5a]
V  [jvm.dll+0x7d8b2d]
V  [jvm.dll+0x7da48e]
V  [jvm.dll+0x7daaf3]
V  [jvm.dll+0x2455ff]
V  [jvm.dll+0x7d483b]
V  [jvm.dll+0x61dc06]
V  [jvm.dll+0x61dc6a]
V  [jvm.dll+0x62049d]
V  [jvm.dll+0x61e5c6]
V  [jvm.dll+0x23b031]
V  [jvm.dll+0x1e9d67]
V  [jvm.dll+0x1dfa01]
V  [jvm.dll+0x53d58c]
V  [jvm.dll+0x1f031a]
V  [jvm.dll+0x75284d]
V  [jvm.dll+0x753c46]
V  [jvm.dll+0x4129e5]
C  [java.dll+0x1a55]

Java frames: (J=compiled Java code, j=interpreted, Vv=VM code)
J 1073  java.lang.ClassLoader.findBootstrapClass(Ljava/lang/String;)Ljava/lang/Class; java.base@17.0.10 (0 bytes) @ 0x0000022c46b903fa [0x0000022c46b903a0+0x000000000000005a]
J 1078 c1 jdk.internal.loader.ClassLoaders$BootClassLoader.loadClassOrNull(Ljava/lang/String;Z)Ljava/lang/Class; java.base@17.0.10 (10 bytes) @ 0x0000022c46b93a24 [0x0000022c46b939c0+0x0000000000000064]
J 934 c1 jdk.internal.loader.BuiltinClassLoader.loadClassOrNull(Ljava/lang/String;Z)Ljava/lang/Class; java.base@17.0.10 (143 bytes) @ 0x0000022c46b510a4 [0x0000022c46b50d00+0x00000000000003a4]
J 1077 c1 jdk.internal.loader.BuiltinClassLoader.loadClass(Ljava/lang/String;Z)Ljava/lang/Class; java.base@17.0.10 (22 bytes) @ 0x0000022c46b9330c [0x0000022c46b932c0+0x000000000000004c]
J 1075 c1 java.lang.ClassLoader.loadClass(Ljava/lang/String;)Ljava/lang/Class; java.base@17.0.10 (7 bytes) @ 0x0000022c46b936e4 [0x0000022c46b936a0+0x0000000000000044]
v  ~StubRoutines::call_stub
j  sun.security.ec.SunEC.putEntries()V+75 jdk.crypto.ec@17.0.10
j  sun.security.ec.SunEC$1.run()Ljava/lang/Void;+4 jdk.crypto.ec@17.0.10
j  sun.security.ec.SunEC$1.run()Ljava/lang/Object;+1 jdk.crypto.ec@17.0.10
J 868 c1 java.security.AccessController.doPrivileged(Ljava/security/PrivilegedAction;)Ljava/lang/Object; java.base@17.0.10 (9 bytes) @ 0x0000022c46b312fc [0x0000022c46b312c0+0x000000000000003c]
j  sun.security.ec.SunEC.<init>()V+19 jdk.crypto.ec@17.0.10
v  ~StubRoutines::call_stub
J 1440  jdk.internal.reflect.NativeConstructorAccessorImpl.newInstance0(Ljava/lang/reflect/Constructor;[Ljava/lang/Object;)Ljava/lang/Object; java.base@17.0.10 (0 bytes) @ 0x0000022c46c20e0e [0x0000022c46c20da0+0x000000000000006e]
J 1439 c1 jdk.internal.reflect.NativeConstructorAccessorImpl.newInstance([Ljava/lang/Object;)Ljava/lang/Object; java.base@17.0.10 (122 bytes) @ 0x0000022c46c224ec [0x0000022c46c22200+0x00000000000002ec]
J 1426 c1 jdk.internal.reflect.DelegatingConstructorAccessorImpl.newInstance([Ljava/lang/Object;)Ljava/lang/Object; java.base@17.0.10 (9 bytes) @ 0x0000022c46c1dee4 [0x0000022c46c1dea0+0x0000000000000044]
J 1424 c1 java.lang.reflect.Constructor.newInstanceWithCaller([Ljava/lang/Object;ZLjava/lang/Class;)Ljava/lang/Object; java.base@17.0.10 (75 bytes) @ 0x0000022c46c1d734 [0x0000022c46c1d660+0x00000000000000d4]
J 1428 c1 java.lang.reflect.Constructor.newInstance([Ljava/lang/Object;)Ljava/lang/Object; java.base@17.0.10 (34 bytes) @ 0x0000022c46c1e64c [0x0000022c46c1e5c0+0x000000000000008c]
j  java.util.ServiceLoader$ProviderImpl.newInstance()Ljava/lang/Object;+19 java.base@17.0.10
j  java.util.ServiceLoader$ProviderImpl.get()Ljava/lang/Object;+13 java.base@17.0.10
j  java.util.ServiceLoader$3.next()Ljava/lang/Object;+58 java.base@17.0.10
j  sun.security.jca.ProviderConfig$ProviderLoader.load(Ljava/lang/String;)Ljava/security/Provider;+54 java.base@17.0.10
j  sun.security.jca.ProviderConfig$3.run()Ljava/security/Provider;+44 java.base@17.0.10
j  sun.security.jca.ProviderConfig$3.run()Ljava/lang/Object;+1 java.base@17.0.10
J 868 c1 java.security.AccessController.doPrivileged(Ljava/security/PrivilegedAction;)Ljava/lang/Object; java.base@17.0.10 (9 bytes) @ 0x0000022c46b312fc [0x0000022c46b312c0+0x000000000000003c]
j  sun.security.jca.ProviderConfig.doLoadProvider()Ljava/security/Provider;+8 java.base@17.0.10
j  sun.security.jca.ProviderConfig.getProvider()Ljava/security/Provider;+281 java.base@17.0.10
j  sun.security.jca.ProviderList.loadAll()I+58 java.base@17.0.10
j  sun.security.jca.ProviderList.removeInvalid()Lsun/security/jca/ProviderList;+1 java.base@17.0.10
j  sun.security.jca.Providers.getFullProviderList()Lsun/security/jca/ProviderList;+48 java.base@17.0.10
j  java.security.Security.getProviders()[Ljava/security/Provider;+0 java.base@17.0.10
j  java.security.Security.getAlgorithms(Ljava/lang/String;)Ljava/util/Set;+32 java.base@17.0.10
j  org.apache.catalina.util.SessionIdGeneratorBase.<clinit>()V+10
v  ~StubRoutines::call_stub
j  org.apache.catalina.authenticator.AuthenticatorBase.<init>()V+50
j  org.apache.catalina.authenticator.NonLoginAuthenticator.<init>()V+1
j  org.springframework.boot.autoconfigure.BackgroundPreinitializer$TomcatInitializer.run()V+12
j  org.springframework.boot.autoconfigure.BackgroundPreinitializer$1.runSafely(Ljava/lang/Runnable;)Z+1
j  org.springframework.boot.autoconfigure.BackgroundPreinitializer$1.run()V+70
j  java.lang.Thread.run()V+11 java.base@17.0.10
v  ~StubRoutines::call_stub

---------------  P R O C E S S  ---------------

Threads class SMR info:
_java_thread_list=0x0000022c9c1dc060, length=22, elements={
0x0000022c3eb45a80, 0x0000022c55ca1040, 0x0000022c55ca1bd0, 0x0000022c55cb8d60,
0x0000022c55cb9630, 0x0000022c55cbaf10, 0x0000022c55cbb7e0, 0x0000022c55cbc0b0,
0x0000022c55cc0db0, 0x0000022c5632ac40, 0x0000022c56397860, 0x0000022c55c8f390,
0x0000022c55c8f8b0, 0x0000022c56903fc0, 0x0000022c56929830, 0x0000022c56bc9490,
0x0000022c9c206860, 0x0000022c9c18e790, 0x0000022c9c3137d0, 0x0000022c9c311e80,
0x0000022c9c313ce0, 0x0000022c9c311460
}

Java Threads: ( => current thread )
  0x0000022c3eb45a80 JavaThread "main" [_thread_blocked, id=20484, stack(0x000000af58600000,0x000000af58700000)]
  0x0000022c55ca1040 JavaThread "Reference Handler" daemon [_thread_blocked, id=12684, stack(0x000000af58d00000,0x000000af58e00000)]
  0x0000022c55ca1bd0 JavaThread "Finalizer" daemon [_thread_blocked, id=14072, stack(0x000000af58e00000,0x000000af58f00000)]
  0x0000022c55cb8d60 JavaThread "Signal Dispatcher" daemon [_thread_blocked, id=23304, stack(0x000000af58f00000,0x000000af59000000)]
  0x0000022c55cb9630 JavaThread "Attach Listener" daemon [_thread_blocked, id=15128, stack(0x000000af59000000,0x000000af59100000)]
  0x0000022c55cbaf10 JavaThread "Service Thread" daemon [_thread_blocked, id=21828, stack(0x000000af59100000,0x000000af59200000)]
  0x0000022c55cbb7e0 JavaThread "Monitor Deflation Thread" daemon [_thread_blocked, id=18140, stack(0x000000af59200000,0x000000af59300000)]
  0x0000022c55cbc0b0 JavaThread "C1 CompilerThread0" daemon [_thread_blocked, id=12252, stack(0x000000af59300000,0x000000af59400000)]
  0x0000022c55cc0db0 JavaThread "Sweeper thread" daemon [_thread_blocked, id=2092, stack(0x000000af59400000,0x000000af59500000)]
  0x0000022c5632ac40 JavaThread "Common-Cleaner" daemon [_thread_blocked, id=13660, stack(0x000000af59500000,0x000000af59600000)]
  0x0000022c56397860 JavaThread "C1 CompilerThread1" daemon [_thread_blocked, id=1876, stack(0x000000af59600000,0x000000af59700000)]
  0x0000022c55c8f390 JavaThread "C1 CompilerThread2" daemon [_thread_blocked, id=8964, stack(0x000000af59700000,0x000000af59800000)]
  0x0000022c55c8f8b0 JavaThread "C1 CompilerThread3" daemon [_thread_blocked, id=11236, stack(0x000000af59800000,0x000000af59900000)]
  0x0000022c56903fc0 JavaThread "Monitor Ctrl-Break" daemon [_thread_in_native, id=9600, stack(0x000000af59900000,0x000000af59a00000)]
  0x0000022c56929830 JavaThread "Notification Thread" daemon [_thread_blocked, id=22924, stack(0x000000af59a00000,0x000000af59b00000)]
  0x0000022c56bc9490 JavaThread "RMI TCP Accept-0" daemon [_thread_in_native, id=16612, stack(0x000000af59b00000,0x000000af59c00000)]
  0x0000022c9c206860 JavaThread "Thread-0" [_thread_blocked, id=15404, stack(0x000000af5a500000,0x000000af5a600000)]
  0x0000022c9c18e790 JavaThread "restartedMain" [_thread_in_native, id=12824, stack(0x000000af5a600000,0x000000af5a700000)]
=>0x0000022c9c3137d0 JavaThread "background-preinit" [_thread_in_vm, id=20088, stack(0x000000af5a800000,0x000000af5a900000)]
  0x0000022c9c311e80 JavaThread "RMI TCP Connection(1)-169.254.97.94" daemon [_thread_in_vm, id=23476, stack(0x000000af5a900000,0x000000af5aa00000)]
  0x0000022c9c313ce0 JavaThread "RMI Scheduler(0)" daemon [_thread_blocked, id=14620, stack(0x000000af5aa00000,0x000000af5ab00000)]
  0x0000022c9c311460 JavaThread "JMX server connection timeout 25" daemon [_thread_blocked, id=16452, stack(0x000000af5ab00000,0x000000af5ac00000)]

Other Threads:
  0x0000022c55c9b250 VMThread "VM Thread" [stack: 0x000000af58c00000,0x000000af58d00000] [id=18956]
  0x0000022c3ebc8710 WatcherThread [stack: 0x000000af59c00000,0x000000af59d00000] [id=16240]
  0x0000022c3ebb12b0 GCTaskThread "GC Thread#0" [stack: 0x000000af58700000,0x000000af58800000] [id=13580]
  0x0000022c9c038500 GCTaskThread "GC Thread#1" [stack: 0x000000af59d00000,0x000000af59e00000] [id=10928]
  0x0000022c56e5e180 GCTaskThread "GC Thread#2" [stack: 0x000000af59e00000,0x000000af59f00000] [id=21804]
  0x0000022c56e5e440 GCTaskThread "GC Thread#3" [stack: 0x000000af59f00000,0x000000af5a000000] [id=11584]
  0x0000022c56e5e700 GCTaskThread "GC Thread#4" [stack: 0x000000af5a000000,0x000000af5a100000] [id=4656]
  0x0000022c56e5e9c0 GCTaskThread "GC Thread#5" [stack: 0x000000af5a100000,0x000000af5a200000] [id=20828]
  0x0000022c56df73a0 GCTaskThread "GC Thread#6" [stack: 0x000000af5a200000,0x000000af5a300000] [id=13392]
  0x0000022c9c18f460 GCTaskThread "GC Thread#7" [stack: 0x000000af5a700000,0x000000af5a800000] [id=18468]
  0x0000022c3ebc1ea0 ConcurrentGCThread "G1 Main Marker" [stack: 0x000000af58800000,0x000000af58900000] [id=4232]
  0x0000022c3ebc26c0 ConcurrentGCThread "G1 Conc#0" [stack: 0x000000af58900000,0x000000af58a00000] [id=14660]
  0x0000022c3ebed6f0 ConcurrentGCThread "G1 Refine#0" [stack: 0x000000af58a00000,0x000000af58b00000] [id=9036]
  0x0000022c56e53e90 ConcurrentGCThread "G1 Refine#1" [stack: 0x000000af5a300000,0x000000af5a400000] [id=17024]
  0x0000022c9c06ba00 ConcurrentGCThread "G1 Refine#2" [stack: 0x000000af5a400000,0x000000af5a500000] [id=19524]
  0x0000022c3ebedf30 ConcurrentGCThread "G1 Service" [stack: 0x000000af58b00000,0x000000af58c00000] [id=6980]

Threads with active compile tasks:

VM state: not at safepoint (normal execution)

VM Mutex/Monitor currently owned by a thread:  ([mutex/lock_event])
[0x0000022c3eb3f9d0] Metaspace_lock - owner thread: 0x0000022c9c3137d0

Heap address: 0x0000000701600000, size: 4074 MB, Compressed Oops mode: Zero based, Oop shift amount: 3

CDS archive(s) mapped at: [0x0000022c57000000-0x0000022c57bd0000-0x0000022c57bd0000), size 12386304, SharedBaseAddress: 0x0000022c57000000, ArchiveRelocationMode: 1.
Compressed class space mapped at: 0x0000022c58000000-0x0000022c98000000, reserved size: 1073741824
Narrow klass base: 0x0000022c57000000, Narrow klass shift: 0, Narrow klass range: 0x100000000

GC Precious Log:
 CPUs: 8 total, 8 available
 Memory: 16291M
 Large Page Support: Disabled
 NUMA Support: Disabled
 Compressed Oops: Enabled (Zero based)
 Heap Region Size: 2M
 Heap Min Capacity: 8M
 Heap Initial Capacity: 256M
 Heap Max Capacity: 4074M
 Pre-touch: Disabled
 Parallel Workers: 8
 Concurrent Workers: 2
 Concurrent Refinement Workers: 8
 Periodic GC: Disabled

Heap:
 garbage-first heap   total 262144K, used 54293K [0x0000000701600000, 0x0000000800000000)
  region size 2048K, 25 young (51200K), 1 survivors (2048K)
 Metaspace       used 21164K, committed 21440K, reserved 1114112K
  class space    used 2874K, committed 3008K, reserved 1048576K

Heap Regions: E=young(eden), S=young(survivor), O=old, HS=humongous(starts), HC=humongous(continues), CS=collection set, F=free, OA=open archive, CA=closed archive, TAMS=top-at-mark-start (previous, next)
|   0|0x0000000701600000, 0x0000000701800000, 0x0000000701800000|100%| O|  |TAMS 0x0000000701600000, 0x0000000701600000| Untracked 
|   1|0x0000000701800000, 0x0000000701a00000, 0x0000000701a00000|100%| O|  |TAMS 0x0000000701800000, 0x0000000701800000| Untracked 
|   2|0x0000000701a00000, 0x0000000701c00000, 0x0000000701c00000|100%| O|  |TAMS 0x0000000701a00000, 0x0000000701a00000| Untracked 
|   3|0x0000000701c00000, 0x0000000701e00000, 0x0000000701e00000|100%| O|  |TAMS 0x0000000701c00000, 0x0000000701c00000| Untracked 
|   4|0x0000000701e00000, 0x0000000701e00000, 0x0000000702000000|  0%| F|  |TAMS 0x0000000701e00000, 0x0000000701e00000| Untracked 
|   5|0x0000000702000000, 0x0000000702000000, 0x0000000702200000|  0%| F|  |TAMS 0x0000000702000000, 0x0000000702000000| Untracked 
|   6|0x0000000702200000, 0x0000000702200000, 0x0000000702400000|  0%| F|  |TAMS 0x0000000702200000, 0x0000000702200000| Untracked 
|   7|0x0000000702400000, 0x0000000702400000, 0x0000000702600000|  0%| F|  |TAMS 0x0000000702400000, 0x0000000702400000| Untracked 
|   8|0x0000000702600000, 0x0000000702600000, 0x0000000702800000|  0%| F|  |TAMS 0x0000000702600000, 0x0000000702600000| Untracked 
|   9|0x0000000702800000, 0x0000000702800000, 0x0000000702a00000|  0%| F|  |TAMS 0x0000000702800000, 0x0000000702800000| Untracked 
|  10|0x0000000702a00000, 0x0000000702a00000, 0x0000000702c00000|  0%| F|  |TAMS 0x0000000702a00000, 0x0000000702a00000| Untracked 
|  11|0x0000000702c00000, 0x0000000702c00000, 0x0000000702e00000|  0%| F|  |TAMS 0x0000000702c00000, 0x0000000702c00000| Untracked 
|  12|0x0000000702e00000, 0x0000000702e00000, 0x0000000703000000|  0%| F|  |TAMS 0x0000000702e00000, 0x0000000702e00000| Untracked 
|  13|0x0000000703000000, 0x0000000703000000, 0x0000000703200000|  0%| F|  |TAMS 0x0000000703000000, 0x0000000703000000| Untracked 
|  14|0x0000000703200000, 0x0000000703200000, 0x0000000703400000|  0%| F|  |TAMS 0x0000000703200000, 0x0000000703200000| Untracked 
|  15|0x0000000703400000, 0x0000000703400000, 0x0000000703600000|  0%| F|  |TAMS 0x0000000703400000, 0x0000000703400000| Untracked 
|  16|0x0000000703600000, 0x0000000703600000, 0x0000000703800000|  0%| F|  |TAMS 0x0000000703600000, 0x0000000703600000| Untracked 
|  17|0x0000000703800000, 0x0000000703800000, 0x0000000703a00000|  0%| F|  |TAMS 0x0000000703800000, 0x0000000703800000| Untracked 
|  18|0x0000000703a00000, 0x0000000703a00000, 0x0000000703c00000|  0%| F|  |TAMS 0x0000000703a00000, 0x0000000703a00000| Untracked 
|  19|0x0000000703c00000, 0x0000000703c00000, 0x0000000703e00000|  0%| F|  |TAMS 0x0000000703c00000, 0x0000000703c00000| Untracked 
|  20|0x0000000703e00000, 0x0000000703e00000, 0x0000000704000000|  0%| F|  |TAMS 0x0000000703e00000, 0x0000000703e00000| Untracked 
|  21|0x0000000704000000, 0x0000000704000000, 0x0000000704200000|  0%| F|  |TAMS 0x0000000704000000, 0x0000000704000000| Untracked 
|  22|0x0000000704200000, 0x0000000704200000, 0x0000000704400000|  0%| F|  |TAMS 0x0000000704200000, 0x0000000704200000| Untracked 
|  23|0x0000000704400000, 0x0000000704400000, 0x0000000704600000|  0%| F|  |TAMS 0x0000000704400000, 0x0000000704400000| Untracked 
|  24|0x0000000704600000, 0x0000000704600000, 0x0000000704800000|  0%| F|  |TAMS 0x0000000704600000, 0x0000000704600000| Untracked 
|  25|0x0000000704800000, 0x0000000704800000, 0x0000000704a00000|  0%| F|  |TAMS 0x0000000704800000, 0x0000000704800000| Untracked 
|  26|0x0000000704a00000, 0x0000000704a00000, 0x0000000704c00000|  0%| F|  |TAMS 0x0000000704a00000, 0x0000000704a00000| Untracked 
|  27|0x0000000704c00000, 0x0000000704c00000, 0x0000000704e00000|  0%| F|  |TAMS 0x0000000704c00000, 0x0000000704c00000| Untracked 
|  28|0x0000000704e00000, 0x0000000704e00000, 0x0000000705000000|  0%| F|  |TAMS 0x0000000704e00000, 0x0000000704e00000| Untracked 
|  29|0x0000000705000000, 0x0000000705000000, 0x0000000705200000|  0%| F|  |TAMS 0x0000000705000000, 0x0000000705000000| Untracked 
|  30|0x0000000705200000, 0x0000000705200000, 0x0000000705400000|  0%| F|  |TAMS 0x0000000705200000, 0x0000000705200000| Untracked 
|  31|0x0000000705400000, 0x0000000705400000, 0x0000000705600000|  0%| F|  |TAMS 0x0000000705400000, 0x0000000705400000| Untracked 
|  32|0x0000000705600000, 0x0000000705600000, 0x0000000705800000|  0%| F|  |TAMS 0x0000000705600000, 0x0000000705600000| Untracked 
|  33|0x0000000705800000, 0x0000000705800000, 0x0000000705a00000|  0%| F|  |TAMS 0x0000000705800000, 0x0000000705800000| Untracked 
|  34|0x0000000705a00000, 0x0000000705a00000, 0x0000000705c00000|  0%| F|  |TAMS 0x0000000705a00000, 0x0000000705a00000| Untracked 
|  35|0x0000000705c00000, 0x0000000705c00000, 0x0000000705e00000|  0%| F|  |TAMS 0x0000000705c00000, 0x0000000705c00000| Untracked 
|  36|0x0000000705e00000, 0x0000000705e00000, 0x0000000706000000|  0%| F|  |TAMS 0x0000000705e00000, 0x0000000705e00000| Untracked 
|  37|0x0000000706000000, 0x0000000706000000, 0x0000000706200000|  0%| F|  |TAMS 0x0000000706000000, 0x0000000706000000| Untracked 
|  38|0x0000000706200000, 0x0000000706200000, 0x0000000706400000|  0%| F|  |TAMS 0x0000000706200000, 0x0000000706200000| Untracked 
|  39|0x0000000706400000, 0x0000000706400000, 0x0000000706600000|  0%| F|  |TAMS 0x0000000706400000, 0x0000000706400000| Untracked 
|  40|0x0000000706600000, 0x0000000706600000, 0x0000000706800000|  0%| F|  |TAMS 0x0000000706600000, 0x0000000706600000| Untracked 
|  41|0x0000000706800000, 0x0000000706800000, 0x0000000706a00000|  0%| F|  |TAMS 0x0000000706800000, 0x0000000706800000| Untracked 
|  42|0x0000000706a00000, 0x0000000706a00000, 0x0000000706c00000|  0%| F|  |TAMS 0x0000000706a00000, 0x0000000706a00000| Untracked 
|  43|0x0000000706c00000, 0x0000000706c00000, 0x0000000706e00000|  0%| F|  |TAMS 0x0000000706c00000, 0x0000000706c00000| Untracked 
|  44|0x0000000706e00000, 0x0000000706e00000, 0x0000000707000000|  0%| F|  |TAMS 0x0000000706e00000, 0x0000000706e00000| Untracked 
|  45|0x0000000707000000, 0x0000000707000000, 0x0000000707200000|  0%| F|  |TAMS 0x0000000707000000, 0x0000000707000000| Untracked 
|  46|0x0000000707200000, 0x0000000707200000, 0x0000000707400000|  0%| F|  |TAMS 0x0000000707200000, 0x0000000707200000| Untracked 
|  47|0x0000000707400000, 0x0000000707400000, 0x0000000707600000|  0%| F|  |TAMS 0x0000000707400000, 0x0000000707400000| Untracked 
|  48|0x0000000707600000, 0x0000000707600000, 0x0000000707800000|  0%| F|  |TAMS 0x0000000707600000, 0x0000000707600000| Untracked 
|  49|0x0000000707800000, 0x0000000707800000, 0x0000000707a00000|  0%| F|  |TAMS 0x0000000707800000, 0x0000000707800000| Untracked 
|  50|0x0000000707a00000, 0x0000000707a00000, 0x0000000707c00000|  0%| F|  |TAMS 0x0000000707a00000, 0x0000000707a00000| Untracked 
|  51|0x0000000707c00000, 0x0000000707c00000, 0x0000000707e00000|  0%| F|  |TAMS 0x0000000707c00000, 0x0000000707c00000| Untracked 
|  52|0x0000000707e00000, 0x0000000707e00000, 0x0000000708000000|  0%| F|  |TAMS 0x0000000707e00000, 0x0000000707e00000| Untracked 
|  53|0x0000000708000000, 0x0000000708000000, 0x0000000708200000|  0%| F|  |TAMS 0x0000000708000000, 0x0000000708000000| Untracked 
|  54|0x0000000708200000, 0x0000000708200000, 0x0000000708400000|  0%| F|  |TAMS 0x0000000708200000, 0x0000000708200000| Untracked 
|  55|0x0000000708400000, 0x0000000708400000, 0x0000000708600000|  0%| F|  |TAMS 0x0000000708400000, 0x0000000708400000| Untracked 
|  56|0x0000000708600000, 0x0000000708600000, 0x0000000708800000|  0%| F|  |TAMS 0x0000000708600000, 0x0000000708600000| Untracked 
|  57|0x0000000708800000, 0x0000000708800000, 0x0000000708a00000|  0%| F|  |TAMS 0x0000000708800000, 0x0000000708800000| Untracked 
|  58|0x0000000708a00000, 0x0000000708a00000, 0x0000000708c00000|  0%| F|  |TAMS 0x0000000708a00000, 0x0000000708a00000| Untracked 
|  59|0x0000000708c00000, 0x0000000708c00000, 0x0000000708e00000|  0%| F|  |TAMS 0x0000000708c00000, 0x0000000708c00000| Untracked 
|  60|0x0000000708e00000, 0x0000000708e00000, 0x0000000709000000|  0%| F|  |TAMS 0x0000000708e00000, 0x0000000708e00000| Untracked 
|  61|0x0000000709000000, 0x0000000709000000, 0x0000000709200000|  0%| F|  |TAMS 0x0000000709000000, 0x0000000709000000| Untracked 
|  62|0x0000000709200000, 0x0000000709200000, 0x0000000709400000|  0%| F|  |TAMS 0x0000000709200000, 0x0000000709200000| Untracked 
|  63|0x0000000709400000, 0x0000000709400000, 0x0000000709600000|  0%| F|  |TAMS 0x0000000709400000, 0x0000000709400000| Untracked 
|  64|0x0000000709600000, 0x0000000709600000, 0x0000000709800000|  0%| F|  |TAMS 0x0000000709600000, 0x0000000709600000| Untracked 
|  65|0x0000000709800000, 0x0000000709800000, 0x0000000709a00000|  0%| F|  |TAMS 0x0000000709800000, 0x0000000709800000| Untracked 
|  66|0x0000000709a00000, 0x0000000709a00000, 0x0000000709c00000|  0%| F|  |TAMS 0x0000000709a00000, 0x0000000709a00000| Untracked 
|  67|0x0000000709c00000, 0x0000000709c00000, 0x0000000709e00000|  0%| F|  |TAMS 0x0000000709c00000, 0x0000000709c00000| Untracked 
|  68|0x0000000709e00000, 0x0000000709e00000, 0x000000070a000000|  0%| F|  |TAMS 0x0000000709e00000, 0x0000000709e00000| Untracked 
|  69|0x000000070a000000, 0x000000070a000000, 0x000000070a200000|  0%| F|  |TAMS 0x000000070a000000, 0x000000070a000000| Untracked 
|  70|0x000000070a200000, 0x000000070a200000, 0x000000070a400000|  0%| F|  |TAMS 0x000000070a200000, 0x000000070a200000| Untracked 
|  71|0x000000070a400000, 0x000000070a400000, 0x000000070a600000|  0%| F|  |TAMS 0x000000070a400000, 0x000000070a400000| Untracked 
|  72|0x000000070a600000, 0x000000070a600000, 0x000000070a800000|  0%| F|  |TAMS 0x000000070a600000, 0x000000070a600000| Untracked 
|  73|0x000000070a800000, 0x000000070a800000, 0x000000070aa00000|  0%| F|  |TAMS 0x000000070a800000, 0x000000070a800000| Untracked 
|  74|0x000000070aa00000, 0x000000070aa00000, 0x000000070ac00000|  0%| F|  |TAMS 0x000000070aa00000, 0x000000070aa00000| Untracked 
|  75|0x000000070ac00000, 0x000000070ac00000, 0x000000070ae00000|  0%| F|  |TAMS 0x000000070ac00000, 0x000000070ac00000| Untracked 
|  76|0x000000070ae00000, 0x000000070ae00000, 0x000000070b000000|  0%| F|  |TAMS 0x000000070ae00000, 0x000000070ae00000| Untracked 
|  77|0x000000070b000000, 0x000000070b000000, 0x000000070b200000|  0%| F|  |TAMS 0x000000070b000000, 0x000000070b000000| Untracked 
|  78|0x000000070b200000, 0x000000070b200000, 0x000000070b400000|  0%| F|  |TAMS 0x000000070b200000, 0x000000070b200000| Untracked 
|  79|0x000000070b400000, 0x000000070b400000, 0x000000070b600000|  0%| F|  |TAMS 0x000000070b400000, 0x000000070b400000| Untracked 
|  80|0x000000070b600000, 0x000000070b600000, 0x000000070b800000|  0%| F|  |TAMS 0x000000070b600000, 0x000000070b600000| Untracked 
|  81|0x000000070b800000, 0x000000070b800000, 0x000000070ba00000|  0%| F|  |TAMS 0x000000070b800000, 0x000000070b800000| Untracked 
|  82|0x000000070ba00000, 0x000000070ba00000, 0x000000070bc00000|  0%| F|  |TAMS 0x000000070ba00000, 0x000000070ba00000| Untracked 
|  83|0x000000070bc00000, 0x000000070bc00000, 0x000000070be00000|  0%| F|  |TAMS 0x000000070bc00000, 0x000000070bc00000| Untracked 
|  84|0x000000070be00000, 0x000000070be00000, 0x000000070c000000|  0%| F|  |TAMS 0x000000070be00000, 0x000000070be00000| Untracked 
|  85|0x000000070c000000, 0x000000070c000000, 0x000000070c200000|  0%| F|  |TAMS 0x000000070c000000, 0x000000070c000000| Untracked 
|  86|0x000000070c200000, 0x000000070c200000, 0x000000070c400000|  0%| F|  |TAMS 0x000000070c200000, 0x000000070c200000| Untracked 
|  87|0x000000070c400000, 0x000000070c400000, 0x000000070c600000|  0%| F|  |TAMS 0x000000070c400000, 0x000000070c400000| Untracked 
|  88|0x000000070c600000, 0x000000070c600000, 0x000000070c800000|  0%| F|  |TAMS 0x000000070c600000, 0x000000070c600000| Untracked 
|  89|0x000000070c800000, 0x000000070c800000, 0x000000070ca00000|  0%| F|  |TAMS 0x000000070c800000, 0x000000070c800000| Untracked 
|  90|0x000000070ca00000, 0x000000070ca00000, 0x000000070cc00000|  0%| F|  |TAMS 0x000000070ca00000, 0x000000070ca00000| Untracked 
|  91|0x000000070cc00000, 0x000000070cc00000, 0x000000070ce00000|  0%| F|  |TAMS 0x000000070cc00000, 0x000000070cc00000| Untracked 
|  92|0x000000070ce00000, 0x000000070ce00000, 0x000000070d000000|  0%| F|  |TAMS 0x000000070ce00000, 0x000000070ce00000| Untracked 
|  93|0x000000070d000000, 0x000000070d000000, 0x000000070d200000|  0%| F|  |TAMS 0x000000070d000000, 0x000000070d000000| Untracked 
|  94|0x000000070d200000, 0x000000070d200000, 0x000000070d400000|  0%| F|  |TAMS 0x000000070d200000, 0x000000070d200000| Untracked 
|  95|0x000000070d400000, 0x000000070d400000, 0x000000070d600000|  0%| F|  |TAMS 0x000000070d400000, 0x000000070d400000| Untracked 
|  96|0x000000070d600000, 0x000000070d600000, 0x000000070d800000|  0%| F|  |TAMS 0x000000070d600000, 0x000000070d600000| Untracked 
|  97|0x000000070d800000, 0x000000070d800000, 0x000000070da00000|  0%| F|  |TAMS 0x000000070d800000, 0x000000070d800000| Untracked 
|  98|0x000000070da00000, 0x000000070da00000, 0x000000070dc00000|  0%| F|  |TAMS 0x000000070da00000, 0x000000070da00000| Untracked 
|  99|0x000000070dc00000, 0x000000070dc00000, 0x000000070de00000|  0%| F|  |TAMS 0x000000070dc00000, 0x000000070dc00000| Untracked 
| 100|0x000000070de00000, 0x000000070de00000, 0x000000070e000000|  0%| F|  |TAMS 0x000000070de00000, 0x000000070de00000| Untracked 
| 101|0x000000070e000000, 0x000000070e000000, 0x000000070e200000|  0%| F|  |TAMS 0x000000070e000000, 0x000000070e000000| Untracked 
| 102|0x000000070e200000, 0x000000070e200000, 0x000000070e400000|  0%| F|  |TAMS 0x000000070e200000, 0x000000070e200000| Untracked 
| 103|0x000000070e400000, 0x000000070e4ac8e8, 0x000000070e600000| 33%| E|  |TAMS 0x000000070e400000, 0x000000070e400000| Complete 
| 104|0x000000070e600000, 0x000000070e800000, 0x000000070e800000|100%| E|CS|TAMS 0x000000070e600000, 0x000000070e600000| Complete 
| 105|0x000000070e800000, 0x000000070ea00000, 0x000000070ea00000|100%| E|CS|TAMS 0x000000070e800000, 0x000000070e800000| Complete 
| 106|0x000000070ea00000, 0x000000070ec00000, 0x000000070ec00000|100%| E|CS|TAMS 0x000000070ea00000, 0x000000070ea00000| Complete 
| 107|0x000000070ec00000, 0x000000070ee00000, 0x000000070ee00000|100%| E|CS|TAMS 0x000000070ec00000, 0x000000070ec00000| Complete 
| 108|0x000000070ee00000, 0x000000070f000000, 0x000000070f000000|100%| E|CS|TAMS 0x000000070ee00000, 0x000000070ee00000| Complete 
| 109|0x000000070f000000, 0x000000070f200000, 0x000000070f200000|100%| E|CS|TAMS 0x000000070f000000, 0x000000070f000000| Complete 
| 110|0x000000070f200000, 0x000000070f400000, 0x000000070f400000|100%| E|CS|TAMS 0x000000070f200000, 0x000000070f200000| Complete 
| 111|0x000000070f400000, 0x000000070f600000, 0x000000070f600000|100%| E|CS|TAMS 0x000000070f400000, 0x000000070f400000| Complete 
| 112|0x000000070f600000, 0x000000070f800000, 0x000000070f800000|100%| E|CS|TAMS 0x000000070f600000, 0x000000070f600000| Complete 
| 113|0x000000070f800000, 0x000000070fa00000, 0x000000070fa00000|100%| E|CS|TAMS 0x000000070f800000, 0x000000070f800000| Complete 
| 114|0x000000070fa00000, 0x000000070fb05688, 0x000000070fc00000| 51%| S|CS|TAMS 0x000000070fa00000, 0x000000070fa00000| Complete 
| 115|0x000000070fc00000, 0x000000070fe00000, 0x000000070fe00000|100%| E|CS|TAMS 0x000000070fc00000, 0x000000070fc00000| Complete 
| 116|0x000000070fe00000, 0x0000000710000000, 0x0000000710000000|100%| E|  |TAMS 0x000000070fe00000, 0x000000070fe00000| Complete 
| 117|0x0000000710000000, 0x0000000710200000, 0x0000000710200000|100%| E|CS|TAMS 0x0000000710000000, 0x0000000710000000| Complete 
| 118|0x0000000710200000, 0x0000000710400000, 0x0000000710400000|100%| E|CS|TAMS 0x0000000710200000, 0x0000000710200000| Complete 
| 119|0x0000000710400000, 0x0000000710600000, 0x0000000710600000|100%| E|CS|TAMS 0x0000000710400000, 0x0000000710400000| Complete 
| 120|0x0000000710600000, 0x0000000710800000, 0x0000000710800000|100%| E|CS|TAMS 0x0000000710600000, 0x0000000710600000| Complete 
| 121|0x0000000710800000, 0x0000000710a00000, 0x0000000710a00000|100%| E|CS|TAMS 0x0000000710800000, 0x0000000710800000| Complete 
| 122|0x0000000710a00000, 0x0000000710c00000, 0x0000000710c00000|100%| E|CS|TAMS 0x0000000710a00000, 0x0000000710a00000| Complete 
| 123|0x0000000710c00000, 0x0000000710e00000, 0x0000000710e00000|100%| E|CS|TAMS 0x0000000710c00000, 0x0000000710c00000| Complete 
| 124|0x0000000710e00000, 0x0000000711000000, 0x0000000711000000|100%| E|CS|TAMS 0x0000000710e00000, 0x0000000710e00000| Complete 
| 125|0x0000000711000000, 0x0000000711200000, 0x0000000711200000|100%| E|CS|TAMS 0x0000000711000000, 0x0000000711000000| Complete 
| 126|0x0000000711200000, 0x0000000711400000, 0x0000000711400000|100%| E|CS|TAMS 0x0000000711200000, 0x0000000711200000| Complete 
| 127|0x0000000711400000, 0x0000000711600000, 0x0000000711600000|100%| E|CS|TAMS 0x0000000711400000, 0x0000000711400000| Complete 

Card table byte_map: [0x0000022c4a7d0000,0x0000022c4afd0000] _byte_map_base: 0x0000022c46fc5000

Marking Bits (Prev, Next): (CMBitMap*) 0x0000022c3ebb16e0, (CMBitMap*) 0x0000022c3ebb1720
 Prev Bits: [0x0000022c4b7d0000, 0x0000022c4f778000)
 Next Bits: [0x0000022c4f780000, 0x0000022c53728000)

Polling page: 0x0000022c3d210000

Metaspace:

Usage:
  Non-class:     17.86 MB used.
      Class:      2.81 MB used.
       Both:     20.67 MB used.

Virtual space:
  Non-class space:       64.00 MB reserved,      18.00 MB ( 28%) committed,  1 nodes.
      Class space:        1.00 GB reserved,       2.94 MB ( <1%) committed,  1 nodes.
             Both:        1.06 GB reserved,      20.94 MB (  2%) committed. 

Chunk freelists:
   Non-Class:  13.88 MB
       Class:  12.97 MB
        Both:  26.85 MB

MaxMetaspaceSize: unlimited
CompressedClassSpaceSize: 1.00 GB
Initial GC threshold: 21.00 MB
Current GC threshold: 21.00 MB
CDS: on
MetaspaceReclaimPolicy: balanced
 - commit_granule_bytes: 65536.
 - commit_granule_words: 8192.
 - virtual_space_node_default_size: 8388608.
 - enlarge_chunks_in_place: 1.
 - new_chunks_are_fully_committed: 0.
 - uncommit_free_chunks: 1.
 - use_allocation_guard: 0.
 - handle_deallocations: 1.


Internal statistics:

num_allocs_failed_limit: 0.
num_arena_births: 330.
num_arena_deaths: 0.
num_vsnodes_births: 2.
num_vsnodes_deaths: 0.
num_space_committed: 335.
num_space_uncommitted: 0.
num_chunks_returned_to_freelist: 0.
num_chunks_taken_from_freelist: 1001.
num_chunk_merges: 0.
num_chunk_splits: 670.
num_chunks_enlarged: 509.
num_inconsistent_stats: 0.

CodeCache: size=49152Kb used=6431Kb max_used=6431Kb free=42721Kb
 bounds [0x0000022c46750000, 0x0000022c46da0000, 0x0000022c49750000]
 total_blobs=2909 nmethods=2385 adapters=448
 compilation: enabled
              stopped_count=0, restarted_count=0
 full_count=0

Compilation events (20 events):
Event: 1.051 Thread 0x0000022c55cbc0b0 nmethod 2374 0x0000022c46d94910 code [0x0000022c46d94aa0, 0x0000022c46d94b78]
Event: 1.051 Thread 0x0000022c55cbc0b0 2376       1       java.nio.ByteBuffer::limit (8 bytes)
Event: 1.051 Thread 0x0000022c55cbc0b0 nmethod 2376 0x0000022c46d94c10 code [0x0000022c46d94da0, 0x0000022c46d94e88]
Event: 1.051 Thread 0x0000022c56397860 nmethod 2375 0x0000022c46d94f10 code [0x0000022c46d950e0, 0x0000022c46d953a8]
Event: 1.051 Thread 0x0000022c55cbc0b0 2377       1       java.io.ObjectOutputStream$BlockDataOutputStream::setBlockDataMode (35 bytes)
Event: 1.051 Thread 0x0000022c56397860 2378       1       java.lang.ClassValue$ClassValueMap::getCache (5 bytes)
Event: 1.051 Thread 0x0000022c55c8f390 2379       1       java.io.ObjectOutputStream$BlockDataOutputStream::writeByte (33 bytes)
Event: 1.051 Thread 0x0000022c55c8f8b0 2380       1       java.io.ObjectOutputStream$HandleTable::lookup (56 bytes)
Event: 1.051 Thread 0x0000022c56397860 nmethod 2378 0x0000022c46d95510 code [0x0000022c46d956a0, 0x0000022c46d95778]
Event: 1.051 Thread 0x0000022c56397860 2381       1       java.io.ObjectOutputStream$HandleTable::hash (8 bytes)
Event: 1.051 Thread 0x0000022c55cbc0b0 nmethod 2377 0x0000022c46d95810 code [0x0000022c46d959a0, 0x0000022c46d95ae8]
Event: 1.051 Thread 0x0000022c55cbc0b0 2382       1       java.io.ObjectStreamField::isUnshared (5 bytes)
Event: 1.051 Thread 0x0000022c55c8f390 nmethod 2379 0x0000022c46d96010 code [0x0000022c46d961a0, 0x0000022c46d962e8]
Event: 1.051 Thread 0x0000022c56397860 nmethod 2381 0x0000022c46d96410 code [0x0000022c46d965a0, 0x0000022c46d96688]
Event: 1.051 Thread 0x0000022c55c8f390 2384       1       java.io.ObjectOutputStream$BlockDataOutputStream::getUTFLength (124 bytes)
Event: 1.051 Thread 0x0000022c55cbc0b0 nmethod 2382 0x0000022c46d96710 code [0x0000022c46d968a0, 0x0000022c46d96978]
Event: 1.051 Thread 0x0000022c56397860 2385       1       java.io.ObjectOutputStream$BlockDataOutputStream::writeBytes (144 bytes)
Event: 1.051 Thread 0x0000022c55c8f8b0 nmethod 2380 0x0000022c46d96a10 code [0x0000022c46d96bc0, 0x0000022c46d96de8]
Event: 1.051 Thread 0x0000022c55c8f390 nmethod 2384 0x0000022c46d96f90 code [0x0000022c46d97140, 0x0000022c46d97388]
Event: 1.051 Thread 0x0000022c56397860 nmethod 2385 0x0000022c46d97590 code [0x0000022c46d97740, 0x0000022c46d979d8]

GC Heap History (4 events):
Event: 0.437 GC heap before
{Heap before GC invocations=0 (full 0):
 garbage-first heap   total 262144K, used 22528K [0x0000000701600000, 0x0000000800000000)
  region size 2048K, 11 young (22528K), 0 survivors (0K)
 Metaspace       used 6605K, committed 6720K, reserved 1114112K
  class space    used 833K, committed 896K, reserved 1048576K
}
Event: 0.441 GC heap after
{Heap after GC invocations=1 (full 0):
 garbage-first heap   total 262144K, used 8004K [0x0000000701600000, 0x0000000800000000)
  region size 2048K, 2 young (4096K), 2 survivors (4096K)
 Metaspace       used 6605K, committed 6720K, reserved 1114112K
  class space    used 833K, committed 896K, reserved 1048576K
}
Event: 0.667 GC heap before
{Heap before GC invocations=1 (full 0):
 garbage-first heap   total 262144K, used 30532K [0x0000000701600000, 0x0000000800000000)
  region size 2048K, 13 young (26624K), 2 survivors (4096K)
 Metaspace       used 10818K, committed 11008K, reserved 1114112K
  class space    used 1435K, committed 1536K, reserved 1048576K
}
Event: 0.669 GC heap after
{Heap after GC invocations=2 (full 0):
 garbage-first heap   total 262144K, used 9237K [0x0000000701600000, 0x0000000800000000)
  region size 2048K, 1 young (2048K), 1 survivors (2048K)
 Metaspace       used 10818K, committed 11008K, reserved 1114112K
  class space    used 1435K, committed 1536K, reserved 1048576K
}

Deoptimization events (0 events):
No events

Classes unloaded (0 events):
No events

Classes redefined (0 events):
No events

Internal exceptions (20 events):
Event: 0.838 Thread 0x0000022c9c18e790 Exception <a 'java/lang/NoSuchMethodError'{0x00000007106a4ee0}: 'void java.lang.invoke.DelegatingMethodHandle$Holder.delegate(java.lang.Object, java.lang.Object, int, java.lang.Object)'> (0x00000007106a4ee0) 
thrown [s\open\src\hotspot\share\interpreter\linkResolver.cpp, line 759]
Event: 0.854 Thread 0x0000022c9c18e790 Exception <a 'java/lang/NoSuchMethodError'{0x00000007107d9780}: 'void java.lang.invoke.DirectMethodHandle$Holder.invokeStatic(java.lang.Object, java.lang.Object, int)'> (0x00000007107d9780) 
thrown [s\open\src\hotspot\share\interpreter\linkResolver.cpp, line 759]
Event: 0.855 Thread 0x0000022c9c18e790 Exception <a 'java/lang/NoSuchMethodError'{0x00000007107e1628}: 'void java.lang.invoke.DirectMethodHandle$Holder.invokeStaticInit(java.lang.Object, java.lang.Object)'> (0x00000007107e1628) 
thrown [s\open\src\hotspot\share\interpreter\linkResolver.cpp, line 759]
Event: 0.858 Thread 0x0000022c9c18e790 Exception <a 'java/lang/NoSuchMethodError'{0x000000071040b490}: 'java.lang.Object java.lang.invoke.DirectMethodHandle$Holder.invokeStatic(java.lang.Object, java.lang.Object, long, java.lang.Object)'> (0x000000071040b490) 
thrown [s\open\src\hotspot\share\interpreter\linkResolver.cpp, line 759]
Event: 0.858 Thread 0x0000022c9c18e790 Exception <a 'java/lang/NoSuchMethodError'{0x000000071040ef28}: 'java.lang.Object java.lang.invoke.DirectMethodHandle$Holder.invokeStaticInit(java.lang.Object, java.lang.Object, long, java.lang.Object)'> (0x000000071040ef28) 
thrown [s\open\src\hotspot\share\interpreter\linkResolver.cpp, line 759]
Event: 0.858 Thread 0x0000022c9c18e790 Exception <a 'java/lang/NoSuchMethodError'{0x0000000710415538}: 'java.lang.Object java.lang.invoke.DirectMethodHandle$Holder.newInvokeSpecial(java.lang.Object, java.lang.Object, long)'> (0x0000000710415538) 
thrown [s\open\src\hotspot\share\interpreter\linkResolver.cpp, line 759]
Event: 0.858 Thread 0x0000022c9c18e790 Exception <a 'java/lang/NoSuchMethodError'{0x00000007104190a8}: 'java.lang.Object java.lang.invoke.Invokers$Holder.linkToTargetMethod(java.lang.Object, long, java.lang.Object)'> (0x00000007104190a8) 
thrown [s\open\src\hotspot\share\interpreter\linkResolver.cpp, line 759]
Event: 0.863 Thread 0x0000022c9c18e790 Exception <a 'java/lang/NoSuchMethodError'{0x0000000710473b58}: 'void java.lang.invoke.DirectMethodHandle$Holder.invokeVirtual(java.lang.Object, java.lang.Object, java.lang.Object, java.lang.Object)'> (0x0000000710473b58) 
thrown [s\open\src\hotspot\share\interpreter\linkResolver.cpp, line 759]
Event: 0.884 Thread 0x0000022c9c18e790 Exception <a 'java/lang/IncompatibleClassChangeError'{0x0000000710222d28}: Found class java.lang.Object, but interface was expected> (0x0000000710222d28) 
thrown [s\open\src\hotspot\share\interpreter\linkResolver.cpp, line 826]
Event: 0.884 Thread 0x0000022c9c3137d0 Exception <a 'java/lang/NoClassDefFoundError'{0x000000071024a678}: jakarta/validation/Validation> (0x000000071024a678) 
thrown [s\open\src\hotspot\share\classfile\systemDictionary.cpp, line 245]
Event: 1.019 Thread 0x0000022c9c3137d0 Exception <a 'java/lang/NoSuchMethodError'{0x000000070e8fa7b8}: 'long java.lang.invoke.DirectMethodHandle$Holder.invokeSpecial(java.lang.Object, java.lang.Object)'> (0x000000070e8fa7b8) 
thrown [s\open\src\hotspot\share\interpreter\linkResolver.cpp, line 759]
Event: 1.019 Thread 0x0000022c9c3137d0 Exception <a 'java/lang/NoSuchMethodError'{0x000000070e905608}: 'long java.lang.invoke.DirectMethodHandle$Holder.invokeStatic(java.lang.Object, java.lang.Object)'> (0x000000070e905608) 
thrown [s\open\src\hotspot\share\interpreter\linkResolver.cpp, line 759]
Event: 1.020 Thread 0x0000022c9c3137d0 Exception <a 'java/lang/NoSuchMethodError'{0x000000070e908c08}: 'long java.lang.invoke.DirectMethodHandle$Holder.invokeStaticInit(java.lang.Object, java.lang.Object)'> (0x000000070e908c08) 
thrown [s\open\src\hotspot\share\interpreter\linkResolver.cpp, line 759]
Event: 1.020 Thread 0x0000022c9c3137d0 Exception <a 'java/lang/NoSuchMethodError'{0x000000070e916730}: 'long java.lang.invoke.DirectMethodHandle$Holder.invokeInterface(java.lang.Object, java.lang.Object)'> (0x000000070e916730) 
thrown [s\open\src\hotspot\share\interpreter\linkResolver.cpp, line 759]
Event: 1.020 Thread 0x0000022c9c3137d0 Exception <a 'java/lang/IncompatibleClassChangeError'{0x000000070e919cc0}: Found class java.lang.Object, but interface was expected> (0x000000070e919cc0) 
thrown [s\open\src\hotspot\share\interpreter\linkResolver.cpp, line 826]
Event: 1.025 Thread 0x0000022c9c3137d0 Exception <a 'java/lang/NoSuchMethodError'{0x000000070e9894a0}: 'java.lang.Object java.lang.invoke.DirectMethodHandle$Holder.invokeVirtual(java.lang.Object, java.lang.Object, java.lang.Object, java.lang.Object)'> (0x000000070e9894a0) 
thrown [s\open\src\hotspot\share\interpreter\linkResolver.cpp, line 759]
Event: 1.039 Thread 0x0000022c9c311e80 Exception <a 'java/lang/NoSuchMethodError'{0x000000070e670048}: static [B.<clinit>()V> (0x000000070e670048) 
thrown [s\open\src\hotspot\share\prims\jni.cpp, line 1107]
Event: 1.043 Thread 0x0000022c9c311e80 Exception <a 'java/lang/ClassNotFoundException'{0x000000070e770f48}: javax/management/remote/rmi/RMIConnectionImpl_Skel> (0x000000070e770f48) 
thrown [s\open\src\hotspot\share\classfile\systemDictionary.cpp, line 256]
Event: 1.048 Thread 0x0000022c9c311e80 Exception <a 'java/lang/reflect/InvocationTargetException'{0x000000070e44a578}> (0x000000070e44a578) 
thrown [s\open\src\hotspot\share\runtime\reflection.cpp, line 1121]
Event: 1.050 Thread 0x0000022c9c311e80 Exception <a 'java/lang/NoSuchMethodError'{0x000000070e474038}: static [Ljava/lang/StackTraceElement;.<clinit>()V> (0x000000070e474038) 
thrown [s\open\src\hotspot\share\prims\jni.cpp, line 1107]

VM Operations (20 events):
Event: 0.344 Executing VM operation: HandshakeAllThreads
Event: 0.344 Executing VM operation: HandshakeAllThreads done
Event: 0.437 Executing VM operation: G1CollectForAllocation
Event: 0.441 Executing VM operation: G1CollectForAllocation done
Event: 0.657 Executing VM operation: HandshakeAllThreads
Event: 0.657 Executing VM operation: HandshakeAllThreads done
Event: 0.667 Executing VM operation: G1CollectForAllocation
Event: 0.669 Executing VM operation: G1CollectForAllocation done
Event: 0.768 Executing VM operation: HandshakeAllThreads
Event: 0.768 Executing VM operation: HandshakeAllThreads done
Event: 0.855 Executing VM operation: ICBufferFull
Event: 0.855 Executing VM operation: ICBufferFull done
Event: 0.878 Executing VM operation: HandshakeAllThreads
Event: 0.878 Executing VM operation: HandshakeAllThreads done
Event: 0.880 Executing VM operation: HandshakeAllThreads
Event: 0.880 Executing VM operation: HandshakeAllThreads done
Event: 0.945 Executing VM operation: HandshakeAllThreads
Event: 0.945 Executing VM operation: HandshakeAllThreads done
Event: 1.042 Executing VM operation: HandshakeAllThreads
Event: 1.042 Executing VM operation: HandshakeAllThreads done

Events (20 events):
Event: 1.044 loading class sun/rmi/transport/DGCAckHandler done
Event: 1.044 loading class sun/rmi/transport/DGCAckHandler$1
Event: 1.044 loading class sun/rmi/transport/DGCAckHandler$1 done
Event: 1.045 loading class java/security/AuthProvider
Event: 1.045 loading class java/security/AuthProvider done
Event: 1.046 loading class javax/security/auth/login/FailedLoginException
Event: 1.046 loading class javax/security/auth/login/FailedLoginException done
Event: 1.046 loading class javax/security/auth/callback/CallbackHandler
Event: 1.046 loading class javax/security/auth/callback/CallbackHandler done
Event: 1.048 loading class javax/management/MalformedObjectNameException
Event: 1.048 loading class javax/management/MalformedObjectNameException done
Event: 1.048 loading class javax/management/remote/rmi/RMIConnectionImpl$PrivilegedOperation
Event: 1.048 loading class javax/management/remote/rmi/RMIConnectionImpl$PrivilegedOperation done
Event: 1.049 loading class java/io/PrintWriter
Event: 1.049 loading class java/io/PrintWriter done
Event: 1.049 loading class java/lang/Throwable$PrintStreamOrWriter
Event: 1.049 loading class java/lang/Throwable$PrintStreamOrWriter done
Event: 1.049 Loaded shared library D:\JDK17\bin\sunmscapi.dll
Event: 1.051 loading class sun/security/util/CurveDB
Event: 1.051 loading class java/rmi/AccessException


Dynamic libraries:
0x00007ff799bc0000 - 0x00007ff799bd0000 	D:\JDK17\bin\java.exe
0x00007ff9a7410000 - 0x00007ff9a7605000 	C:\WINDOWS\SYSTEM32\ntdll.dll
0x00007ff9a7150000 - 0x00007ff9a720d000 	C:\WINDOWS\System32\KERNEL32.DLL
0x00007ff9a4c60000 - 0x00007ff9a4f28000 	C:\WINDOWS\System32\KERNELBASE.dll
0x00007ff9a50d0000 - 0x00007ff9a51d0000 	C:\WINDOWS\System32\ucrtbase.dll
0x00007ff99b200000 - 0x00007ff99b219000 	D:\JDK17\bin\jli.dll
0x00007ff98c170000 - 0x00007ff98c18b000 	D:\JDK17\bin\VCRUNTIME140.dll
0x00007ff9a56e0000 - 0x00007ff9a578c000 	C:\WINDOWS\System32\ADVAPI32.dll
0x00007ff9a70b0000 - 0x00007ff9a714e000 	C:\WINDOWS\System32\msvcrt.dll
0x00007ff9a5a30000 - 0x00007ff9a5acb000 	C:\WINDOWS\System32\sechost.dll
0x00007ff9a55b0000 - 0x00007ff9a56db000 	C:\WINDOWS\System32\RPCRT4.dll
0x00007ff9a62d0000 - 0x00007ff9a6470000 	C:\WINDOWS\System32\USER32.dll
0x00007ff9a5330000 - 0x00007ff9a5352000 	C:\WINDOWS\System32\win32u.dll
0x00007ff9a5520000 - 0x00007ff9a554a000 	C:\WINDOWS\System32\GDI32.dll
0x00007ff9a5360000 - 0x00007ff9a546b000 	C:\WINDOWS\System32\gdi32full.dll
0x00007ff9a4f30000 - 0x00007ff9a4fcd000 	C:\WINDOWS\System32\msvcp_win.dll
0x00007ff99acb0000 - 0x00007ff99af4a000 	C:\WINDOWS\WinSxS\amd64_microsoft.windows.common-controls_6595b64144ccf1df_6.0.19041.844_none_ca00b6081b84eb1d\COMCTL32.dll
0x00007ff9a46e0000 - 0x00007ff9a46ea000 	C:\WINDOWS\SYSTEM32\VERSION.dll
0x00007ff9a7010000 - 0x00007ff9a7040000 	C:\WINDOWS\System32\IMM32.DLL
0x0000000063aa0000 - 0x0000000063aad000 	D:\360\360Safe\safemon\SafeWrapper.dll
0x00007ff9855b0000 - 0x00007ff98565c000 	D:\360\360Safe\safemon\libzdtp64.dll
0x00007ff9a65a0000 - 0x00007ff9a6ce2000 	C:\WINDOWS\System32\SHELL32.dll
0x00007ff9a5550000 - 0x00007ff9a55a5000 	C:\WINDOWS\System32\SHLWAPI.dll
0x00007ff99e540000 - 0x00007ff99e54c000 	D:\JDK17\bin\vcruntime140_1.dll
0x00007ff96c4a0000 - 0x00007ff96c52e000 	D:\JDK17\bin\msvcp140.dll
0x00007ff9496e0000 - 0x00007ff94a2bf000 	D:\JDK17\bin\server\jvm.dll
0x00007ff9a5ad0000 - 0x00007ff9a5ad8000 	C:\WINDOWS\System32\PSAPI.DLL
0x00007ff97cef0000 - 0x00007ff97cef9000 	C:\WINDOWS\SYSTEM32\WSOCK32.dll
0x00007ff99a2a0000 - 0x00007ff99a2c7000 	C:\WINDOWS\SYSTEM32\WINMM.dll
0x00007ff9a7040000 - 0x00007ff9a70ab000 	C:\WINDOWS\System32\WS2_32.dll
0x00007ff9a2a50000 - 0x00007ff9a2a62000 	C:\WINDOWS\SYSTEM32\kernel.appcore.dll
0x00007ff99e430000 - 0x00007ff99e43a000 	D:\JDK17\bin\jimage.dll
0x00007ff992ec0000 - 0x00007ff9930a4000 	C:\WINDOWS\SYSTEM32\DBGHELP.DLL
0x00007ff994980000 - 0x00007ff9949ac000 	C:\WINDOWS\SYSTEM32\dbgcore.DLL
0x00007ff9a4bb0000 - 0x00007ff9a4c30000 	C:\WINDOWS\System32\bcryptPrimitives.dll
0x00007ff99e970000 - 0x00007ff99e97e000 	D:\JDK17\bin\instrument.dll
0x00007ff989520000 - 0x00007ff989545000 	D:\JDK17\bin\java.dll
0x00007ff96a1b0000 - 0x00007ff96a287000 	D:\JDK17\bin\jsvml.dll
0x00007ff9a2c50000 - 0x00007ff9a33e0000 	C:\WINDOWS\SYSTEM32\windows.storage.dll
0x00007ff9a5ae0000 - 0x00007ff9a5e35000 	C:\WINDOWS\System32\combase.dll
0x00007ff9a4550000 - 0x00007ff9a457c000 	C:\WINDOWS\SYSTEM32\Wldp.dll
0x00007ff9a5470000 - 0x00007ff9a551e000 	C:\WINDOWS\System32\SHCORE.dll
0x00007ff9a4a90000 - 0x00007ff9a4aaf000 	C:\WINDOWS\SYSTEM32\profapi.dll
0x00007ff988a00000 - 0x00007ff988a18000 	D:\JDK17\bin\zip.dll
0x00007ff988c00000 - 0x00007ff988c19000 	D:\JDK17\bin\net.dll
0x00007ff99a640000 - 0x00007ff99a74b000 	C:\WINDOWS\SYSTEM32\WINHTTP.dll
0x00007ff9a42c0000 - 0x00007ff9a432a000 	C:\WINDOWS\system32\mswsock.dll
0x00007ff988a20000 - 0x00007ff988a36000 	D:\JDK17\bin\nio.dll
0x00007ff99e950000 - 0x00007ff99e96a000 	D:\idea2023\IntelliJ IDEA 2023.3.4\bin\breakgen64.dll
0x00007ff996110000 - 0x00007ff996143000 	C:\Program Files (x86)\Sangfor\SSL\ClientComponent5\SangforNspX64.dll
0x00007ff9a7290000 - 0x00007ff9a73ba000 	C:\WINDOWS\System32\ole32.dll
0x00007ff9a6e80000 - 0x00007ff9a6f4d000 	C:\WINDOWS\System32\OLEAUT32.dll
0x00007ff9a3fa0000 - 0x00007ff9a406c000 	C:\WINDOWS\SYSTEM32\DNSAPI.dll
0x00007ff9a3f60000 - 0x00007ff9a3f9b000 	C:\WINDOWS\SYSTEM32\IPHLPAPI.DLL
0x00007ff9a73c0000 - 0x00007ff9a73c8000 	C:\WINDOWS\System32\NSI.dll
0x00000000634c0000 - 0x00000000634e6000 	C:\Program Files\Bonjour\mdnsNSP.dll
0x00007ff997110000 - 0x00007ff99711a000 	C:\Windows\System32\rasadhlp.dll
0x00007ff996b60000 - 0x00007ff996bdf000 	C:\WINDOWS\System32\fwpuclnt.dll
0x00007ff9a4c30000 - 0x00007ff9a4c57000 	C:\WINDOWS\System32\bcrypt.dll
0x00007ff99cd10000 - 0x00007ff99cd1a000 	D:\JDK17\bin\management.dll
0x00007ff99cd00000 - 0x00007ff99cd0b000 	D:\JDK17\bin\management_ext.dll
0x00007ff9a4490000 - 0x00007ff9a44a8000 	C:\WINDOWS\SYSTEM32\CRYPTSP.dll
0x00007ff9a3bf0000 - 0x00007ff9a3c24000 	C:\WINDOWS\system32\rsaenh.dll
0x00007ff9a4a50000 - 0x00007ff9a4a7e000 	C:\WINDOWS\SYSTEM32\USERENV.dll
0x00007ff9a44b0000 - 0x00007ff9a44bc000 	C:\WINDOWS\SYSTEM32\CRYPTBASE.dll
0x00007ff99e840000 - 0x00007ff99e857000 	C:\WINDOWS\SYSTEM32\dhcpcsvc6.DLL
0x00007ff99ec10000 - 0x00007ff99ec2d000 	C:\WINDOWS\SYSTEM32\dhcpcsvc.DLL
0x00007ff9a0560000 - 0x00007ff9a057d000 	C:\WINDOWS\system32\NLAapi.dll
0x00007ff975a70000 - 0x00007ff975a87000 	C:\WINDOWS\system32\napinsp.dll
0x00007ff975a50000 - 0x00007ff975a6b000 	C:\WINDOWS\system32\pnrpnsp.dll
0x00007ff975a30000 - 0x00007ff975a42000 	C:\WINDOWS\System32\winrnr.dll
0x00007ff98abb0000 - 0x00007ff98abc5000 	C:\WINDOWS\system32\wshbth.dll
0x00007ff99b1f0000 - 0x00007ff99b200000 	D:\JDK17\bin\verify.dll
0x00007ff99cca0000 - 0x00007ff99ccae000 	D:\JDK17\bin\sunmscapi.dll
0x00007ff9a51d0000 - 0x00007ff9a532f000 	C:\WINDOWS\System32\CRYPT32.dll
0x00007ff9a45c0000 - 0x00007ff9a45e7000 	C:\WINDOWS\SYSTEM32\ncrypt.dll
0x00007ff9a4580000 - 0x00007ff9a45bb000 	C:\WINDOWS\SYSTEM32\NTASN1.dll

dbghelp: loaded successfully - version: 4.0.5 - missing functions: none
symbol engine: initialized successfully - sym options: 0x614 - pdb path: .;D:\JDK17\bin;C:\WINDOWS\SYSTEM32;C:\WINDOWS\WinSxS\amd64_microsoft.windows.common-controls_6595b64144ccf1df_6.0.19041.844_none_ca00b6081b84eb1d;D:\360\360Safe\safemon;D:\JDK17\bin\server;D:\idea2023\IntelliJ IDEA 2023.3.4\bin;C:\Program Files (x86)\Sangfor\SSL\ClientComponent5;C:\Program Files\Bonjour

VM Arguments:
jvm_args: -XX:TieredStopAtLevel=1 -Dspring.output.ansi.enabled=always -Dcom.sun.management.jmxremote -Dspring.jmx.enabled=true -Dspring.liveBeansView.mbeanDomain -Dspring.application.admin.enabled=true -Dmanagement.endpoints.jmx.exposure.include=* -javaagent:D:\idea2023\IntelliJ IDEA 2023.3.4\lib\idea_rt.jar=63869:D:\idea2023\IntelliJ IDEA 2023.3.4\bin -Dfile.encoding=UTF-8 
java_command: com.jcx.military.project.DemoApplication
java_class_path (initial): H:\java\demo\target\classes;D:\maven\repository\org\springframework\boot\spring-boot-starter-web\3.2.0\spring-boot-starter-web-3.2.0.jar;D:\maven\repository\org\springframework\boot\spring-boot-starter-json\3.2.0\spring-boot-starter-json-3.2.0.jar;D:\maven\repository\com\fasterxml\jackson\core\jackson-databind\2.15.3\jackson-databind-2.15.3.jar;D:\maven\repository\com\fasterxml\jackson\core\jackson-annotations\2.15.3\jackson-annotations-2.15.3.jar;D:\maven\repository\com\fasterxml\jackson\core\jackson-core\2.15.3\jackson-core-2.15.3.jar;D:\maven\repository\com\fasterxml\jackson\datatype\jackson-datatype-jdk8\2.15.3\jackson-datatype-jdk8-2.15.3.jar;D:\maven\repository\com\fasterxml\jackson\datatype\jackson-datatype-jsr310\2.15.3\jackson-datatype-jsr310-2.15.3.jar;D:\maven\repository\com\fasterxml\jackson\module\jackson-module-parameter-names\2.15.3\jackson-module-parameter-names-2.15.3.jar;D:\maven\repository\org\springframework\boot\spring-boot-starter-tomcat\3.2.0\spring-boot-starter-tomcat-3.2.0.jar;D:\maven\repository\org\apache\tomcat\embed\tomcat-embed-core\10.1.16\tomcat-embed-core-10.1.16.jar;D:\maven\repository\org\apache\tomcat\embed\tomcat-embed-el\10.1.16\tomcat-embed-el-10.1.16.jar;D:\maven\repository\org\apache\tomcat\embed\tomcat-embed-websocket\10.1.16\tomcat-embed-websocket-10.1.16.jar;D:\maven\repository\org\springframework\spring-web\6.1.1\spring-web-6.1.1.jar;D:\maven\repository\org\springframework\spring-beans\6.1.1\spring-beans-6.1.1.jar;D:\maven\repository\org\springframework\spring-webmvc\6.1.1\spring-webmvc-6.1.1.jar;D:\maven\repository\org\springframework\spring-aop\6.1.1\spring-aop-6.1.1.jar;D:\maven\repository\org\springframework\spring-expression\6.1.1\spring-expression-6.1.1.jar;D:\maven\repository\org\springframework\boot\spring-boot-devtools\3.2.0\spring-boot-devtools-3.2.0.jar;D:\maven\repository\org\springframework\boot\spring-boot\3.2.0\spring-boot-3.2.0.jar;D:\maven\repository\jakarta\xml\bind\jakarta.x
Launcher Type: SUN_STANDARD

[Global flags]
     intx CICompilerCount                          = 4                                         {product} {ergonomic}
     uint ConcGCThreads                            = 2                                         {product} {ergonomic}
     uint G1ConcRefinementThreads                  = 8                                         {product} {ergonomic}
   size_t G1HeapRegionSize                         = 2097152                                   {product} {ergonomic}
    uintx GCDrainStackTargetSize                   = 64                                        {product} {ergonomic}
   size_t InitialHeapSize                          = 268435456                                 {product} {ergonomic}
     bool ManagementServer                         = true                                      {product} {command line}
   size_t MarkStackSize                            = 4194304                                   {product} {ergonomic}
   size_t MaxHeapSize                              = 4271898624                                {product} {ergonomic}
   size_t MaxNewSize                               = 2562719744                                {product} {ergonomic}
   size_t MinHeapDeltaBytes                        = 2097152                                   {product} {ergonomic}
   size_t MinHeapSize                              = 8388608                                   {product} {ergonomic}
    uintx NonProfiledCodeHeapSize                  = 0                                      {pd product} {ergonomic}
     bool ProfileInterpreter                       = false                                  {pd product} {command line}
    uintx ProfiledCodeHeapSize                     = 0                                      {pd product} {ergonomic}
   size_t SoftMaxHeapSize                          = 4271898624                             {manageable} {ergonomic}
     intx TieredStopAtLevel                        = 1                                         {product} {command line}
     bool UseCompressedClassPointers               = true                           {product lp64_product} {ergonomic}
     bool UseCompressedOops                        = true                           {product lp64_product} {ergonomic}
     bool UseG1GC                                  = true                                      {product} {ergonomic}
     bool UseLargePagesIndividualAllocation        = false                                  {pd product} {ergonomic}

Logging:
Log output configuration:
 #0: stdout all=warning uptime,level,tags
 #1: stderr all=off uptime,level,tags

Environment Variables:
JAVA_HOME=G:\JDK
PATH=C:\Program Files\Common Files\Oracle\Java\javapath;C:\Program Files (x86)\Common Files\Oracle\Java\javapath;G:\VM\bin\;C:\WINDOWS\system32;C:\WINDOWS;C:\WINDOWS\System32\Wbem;C:\WINDOWS\System32\WindowsPowerShell\v1.0\;C:\WINDOWS\System32\OpenSSH\;C:\Users\JCX\.m2\wrapper\dists\apache-maven-3.6.0-bin\2dakv70gp803gtm5ve1ufmvttn\apache-maven-3.6.0\bin;H:\git\Git\cmd;C:\Program Files (x86)\NVIDIA Corporation\PhysX\Common;C:\Program Files\NVIDIA Corporation\NVIDIA NvDLISR;G:\tomcat\apache-tomcat-9.0.70\bin;%CATALINA_HOME%\lib;%CATALINA_HOME%\bin;G:\JDK\bin;G:\JDK\bin;G:\mysqlinstall\bin;D:\go\bin;C:\Users\JCX\AppData\Local\Microsoft\WindowsApps;G:\vscode\Microsoft VS Code\bin;G:\tomcat\apache-tomcat-9.0.70\bin;G:\tomcat\apache-tomcat-9.0.70\lib;;D:\idea2023\IntelliJ IDEA 2023.3.4\bin;;C:\Users\JCX\go\bin;D:\goland\GoLand 2023.3.4\bin;
USERNAME=JCX
OS=Windows_NT
PROCESSOR_IDENTIFIER=Intel64 Family 6 Model 158 Stepping 12, GenuineIntel



---------------  S Y S T E M  ---------------

OS:
 Windows 10 , 64 bit Build 19041 (10.0.19041.928)
OS uptime: 1 days 23:52 hours

CPU: total 8 (initial active 8) (8 cores per cpu, 1 threads per core) family 6 model 158 stepping 12 microcode 0xae, cx8, cmov, fxsr, mmx, 3dnowpref, sse, sse2, sse3, ssse3, sse4.1, sse4.2, popcnt, lzcnt, tsc, tscinvbit, avx, avx2, aes, erms, clmul, bmi1, bmi2, rtm, adx, fma, vzeroupper, clflush, clflushopt

Memory: 4k page, system-wide physical 16291M (2759M free)
TotalPageFile size 24291M (AvailPageFile size 0M)
current process WorkingSet (physical memory assigned to process): 131M, peak: 131M
current process commit charge ("private bytes"): 382M, peak: 382M

vm_info: Java HotSpot(TM) 64-Bit Server VM (17.0.10+11-LTS-240) for windows-amd64 JRE (17.0.10+11-LTS-240), built on Dec 19 2023 21:47:25 by "mach5one" with MS VC++ 17.1 (VS2022)

END.
